# JRE version: OpenJDK Runtime Environment (8.0_152-b01) (build 1.8.0_152-release-1343-b01)
# Java VM: OpenJDK 64-Bit Server VM (25.152-b01 mixed mode windows-amd64 compressed oops)
Heap:
 PSYoungGen      total 171520K, used 6757K [0x00000000e0000000, 0x00000000ec280000, 0x0000000100000000)
  eden space 157184K, 4% used [0x00000000e0000000,0x00000000e0699680,0x00000000e9980000)
  from space 14336K, 0% used [0x00000000ea780000,0x00000000ea780000,0x00000000eb580000)
  to   space 14336K, 0% used [0x00000000e9980000,0x00000000e9980000,0x00000000ea780000)
 ParOldGen       total 92160K, used 28187K [0x00000000a0000000, 0x00000000a5a00000, 0x00000000e0000000)
  object space 92160K, 30% used [0x00000000a0000000,0x00000000a1b86ff0,0x00000000a5a00000)
 Metaspace       used 57894K, capacity 59432K, committed 59672K, reserved 1101824K
  class space    used 7815K, capacity 8177K, committed 8232K, reserved 1048576K
GC Heap History (10 events):
Event: 6.419 GC heap before
{Heap before GC invocations=11 (full 2):
 PSYoungGen      total 115712K, used 9981K [0x00000000e0000000, 0x00000000ea180000, 0x0000000100000000)
  eden space 104960K, 0% used [0x00000000e0000000,0x00000000e0000000,0x00000000e6680000)
  from space 10752K, 92% used [0x00000000e6680000,0x00000000e703f578,0x00000000e7100000)
  to   space 11776K, 0% used [0x00000000e9600000,0x00000000e9600000,0x00000000ea180000)
 ParOldGen       total 57856K, used 8409K [0x00000000a0000000, 0x00000000a3880000, 0x00000000e0000000)
  object space 57856K, 14% used [0x00000000a0000000,0x00000000a0836608,0x00000000a3880000)
 Metaspace       used 34807K, capacity 35444K, committed 35496K, reserved 1079296K
  class space    used 4798K, capacity 5025K, committed 5032K, reserved 1048576K
Event: 6.523 GC heap after
Heap after GC invocations=11 (full 2):
 PSYoungGen      total 115712K, used 0K [0x00000000e0000000, 0x00000000ea180000, 0x0000000100000000)
  eden space 104960K, 0% used [0x00000000e0000000,0x00000000e0000000,0x00000000e6680000)
  from space 10752K, 0% used [0x00000000e6680000,0x00000000e6680000,0x00000000e7100000)
  to   space 11776K, 0% used [0x00000000e9600000,0x00000000e9600000,0x00000000ea180000)
 ParOldGen       total 92160K, used 16651K [0x00000000a0000000, 0x00000000a5a00000, 0x00000000e0000000)
  object space 92160K, 18% used [0x00000000a0000000,0x00000000a1042d68,0x00000000a5a00000)
 Metaspace       used 34805K, capacity 35438K, committed 35496K, reserved 1079296K
  class space    used 4798K, capacity 5024K, committed 5032K, reserved 1048576K
}
Event: 8.121 GC heap before
{Heap before GC invocations=12 (full 2):
 PSYoungGen      total 115712K, used 104960K [0x00000000e0000000, 0x00000000ea180000, 0x0000000100000000)
  eden space 104960K, 100% used [0x00000000e0000000,0x00000000e6680000,0x00000000e6680000)
  from space 10752K, 0% used [0x00000000e6680000,0x00000000e6680000,0x00000000e7100000)
  to   space 11776K, 0% used [0x00000000e9600000,0x00000000e9600000,0x00000000ea180000)
 ParOldGen       total 92160K, used 16651K [0x00000000a0000000, 0x00000000a5a00000, 0x00000000e0000000)
  object space 92160K, 18% used [0x00000000a0000000,0x00000000a1042d68,0x00000000a5a00000)
 Metaspace       used 44555K, capacity 45464K, committed 45736K, reserved 1089536K
  class space    used 6005K, capacity 6275K, committed 6312K, reserved 1048576K
Event: 8.135 GC heap after
Heap after GC invocations=12 (full 2):
 PSYoungGen      total 140800K, used 11748K [0x00000000e0000000, 0x00000000ea180000, 0x0000000100000000)
  eden space 129024K, 0% used [0x00000000e0000000,0x00000000e0000000,0x00000000e7e00000)
  from space 11776K, 99% used [0x00000000e9600000,0x00000000ea179100,0x00000000ea180000)
  to   space 13824K, 0% used [0x00000000e8680000,0x00000000e8680000,0x00000000e9400000)
 ParOldGen       total 92160K, used 18839K [0x00000000a0000000, 0x00000000a5a00000, 0x00000000e0000000)
  object space 92160K, 20% used [0x00000000a0000000,0x00000000a1265c48,0x00000000a5a00000)
 Metaspace       used 44555K, capacity 45464K, committed 45736K, reserved 1089536K
  class space    used 6005K, capacity 6275K, committed 6312K, reserved 1048576K
}
Event: 10.178 GC heap before
{Heap before GC invocations=13 (full 2):
 PSYoungGen      total 140800K, used 140772K [0x00000000e0000000, 0x00000000ea180000, 0x0000000100000000)
  eden space 129024K, 100% used [0x00000000e0000000,0x00000000e7e00000,0x00000000e7e00000)
  from space 11776K, 99% used [0x00000000e9600000,0x00000000ea179100,0x00000000ea180000)
  to   space 13824K, 0% used [0x00000000e8680000,0x00000000e8680000,0x00000000e9400000)
 ParOldGen       total 92160K, used 18839K [0x00000000a0000000, 0x00000000a5a00000, 0x00000000e0000000)
  object space 92160K, 20% used [0x00000000a0000000,0x00000000a1265c48,0x00000000a5a00000)
 Metaspace       used 55049K, capacity 56280K, committed 56360K, reserved 1097728K
  class space    used 7367K, capacity 7689K, committed 7720K, reserved 1048576K
Event: 10.199 GC heap after
Heap after GC invocations=13 (full 2):
 PSYoungGen      total 151552K, used 11843K [0x00000000e0000000, 0x00000000eb580000, 0x0000000100000000)
  eden space 137728K, 0% used [0x00000000e0000000,0x00000000e0000000,0x00000000e8680000)
  from space 13824K, 85% used [0x00000000e8680000,0x00000000e9210c58,0x00000000e9400000)
  to   space 14336K, 0% used [0x00000000ea780000,0x00000000ea780000,0x00000000eb580000)
 ParOldGen       total 92160K, used 26000K [0x00000000a0000000, 0x00000000a5a00000, 0x00000000e0000000)
  object space 92160K, 28% used [0x00000000a0000000,0x00000000a1964280,0x00000000a5a00000)
 Metaspace       used 55049K, capacity 56280K, committed 56360K, reserved 1097728K
  class space    used 7367K, capacity 7689K, committed 7720K, reserved 1048576K
}
Event: 10.624 GC heap before
{Heap before GC invocations=14 (full 2):
 PSYoungGen      total 151552K, used 40834K [0x00000000e0000000, 0x00000000eb580000, 0x0000000100000000)
  eden space 137728K, 21% used [0x00000000e0000000,0x00000000e1c4fe98,0x00000000e8680000)
  from space 13824K, 85% used [0x00000000e8680000,0x00000000e9210c58,0x00000000e9400000)
  to   space 14336K, 0% used [0x00000000ea780000,0x00000000ea780000,0x00000000eb580000)
 ParOldGen       total 92160K, used 26000K [0x00000000a0000000, 0x00000000a5a00000, 0x00000000e0000000)
  object space 92160K, 28% used [0x00000000a0000000,0x00000000a1964280,0x00000000a5a00000)
 Metaspace       used 57535K, capacity 59012K, committed 59160K, reserved 1099776K
  class space    used 7749K, capacity 8107K, committed 8232K, reserved 1048576K
Event: 10.633 GC heap after
Heap after GC invocations=14 (full 2):
 PSYoungGen      total 171520K, used 7118K [0x00000000e0000000, 0x00000000ec280000, 0x0000000100000000)
  eden space 157184K, 0% used [0x00000000e0000000,0x00000000e0000000,0x00000000e9980000)
  from space 14336K, 49% used [0x00000000ea780000,0x00000000eae739e8,0x00000000eb580000)
  to   space 14336K, 0% used [0x00000000e9980000,0x00000000e9980000,0x00000000ea780000)
 ParOldGen       total 92160K, used 26008K [0x00000000a0000000, 0x00000000a5a00000, 0x00000000e0000000)
  object space 92160K, 28% used [0x00000000a0000000,0x00000000a1966280,0x00000000a5a00000)
 Metaspace       used 57535K, capacity 59012K, committed 59160K, reserved 1099776K
  class space    used 7749K, capacity 8107K, committed 8232K, reserved 1048576K
}
Event: 10.633 GC heap before
{Heap before GC invocations=15 (full 3):
 PSYoungGen      total 171520K, used 7118K [0x00000000e0000000, 0x00000000ec280000, 0x0000000100000000)
  eden space 157184K, 0% used [0x00000000e0000000,0x00000000e0000000,0x00000000e9980000)
  from space 14336K, 49% used [0x00000000ea780000,0x00000000eae739e8,0x00000000eb580000)
  to   space 14336K, 0% used [0x00000000e9980000,0x00000000e9980000,0x00000000ea780000)
 ParOldGen       total 92160K, used 26008K [0x00000000a0000000, 0x00000000a5a00000, 0x00000000e0000000)
  object space 92160K, 28% used [0x00000000a0000000,0x00000000a1966280,0x00000000a5a00000)
 Metaspace       used 57535K, capacity 59012K, committed 59160K, reserved 1099776K
  class space    used 7749K, capacity 8107K, committed 8232K, reserved 1048576K
Event: 10.867 GC heap after
Heap after GC invocations=15 (full 3):
 PSYoungGen      total 171520K, used 0K [0x00000000e0000000, 0x00000000ec280000, 0x0000000100000000)
  eden space 157184K, 0% used [0x00000000e0000000,0x00000000e0000000,0x00000000e9980000)
  from space 14336K, 0% used [0x00000000ea780000,0x00000000ea780000,0x00000000eb580000)
  to   space 14336K, 0% used [0x00000000e9980000,0x00000000e9980000,0x00000000ea780000)
 ParOldGen       total 92160K, used 28187K [0x00000000a0000000, 0x00000000a5a00000, 0x00000000e0000000)
  object space 92160K, 30% used [0x00000000a0000000,0x00000000a1b86ff0,0x00000000a5a00000)
 Metaspace       used 57535K, capacity 59012K, committed 59160K, reserved 1099776K
  class space    used 7749K, capacity 8107K, committed 8232K, reserved 1048576K
}

