# JRE version: OpenJDK Runtime Environment (8.0_152-b01) (build 1.8.0_152-release-1343-b01)
# Java VM: OpenJDK 64-Bit Server VM (25.152-b01 mixed mode windows-amd64 compressed oops)
Heap:
 PSYoungGen      total 193536K, used 85421K [0x00000000e0000000, 0x00000000eda00000, 0x0000000100000000)
  eden space 163328K, 44% used [0x00000000e0000000,0x00000000e465e5a0,0x00000000e9f80000)
  from space 30208K, 44% used [0x00000000ebc80000,0x00000000ec98d220,0x00000000eda00000)
  to   space 29696K, 0% used [0x00000000e9f80000,0x00000000e9f80000,0x00000000ebc80000)
 ParOldGen       total 200704K, used 53777K [0x00000000a0000000, 0x00000000ac400000, 0x00000000e0000000)
  object space 200704K, 26% used [0x00000000a0000000,0x00000000a3484728,0x00000000ac400000)
 Metaspace       used 95527K, capacity 100374K, committed 100888K, reserved 1136640K
  class space    used 12007K, capacity 12865K, committed 13080K, reserved 1048576K
GC Heap History (10 events):
Event: 1932.758 GC heap before
{Heap before GC invocations=36 (full 4):
 PSYoungGen      total 178688K, used 151267K [0x00000000e0000000, 0x00000000ed900000, 0x0000000100000000)
  eden space 140800K, 99% used [0x00000000e0000000,0x00000000e897c300,0x00000000e8980000)
  from space 37888K, 27% used [0x00000000e8980000,0x00000000e93bc958,0x00000000eae80000)
  to   space 36864K, 0% used [0x00000000eb500000,0x00000000eb500000,0x00000000ed900000)
 ParOldGen       total 200704K, used 53745K [0x00000000a0000000, 0x00000000ac400000, 0x00000000e0000000)
  object space 200704K, 26% used [0x00000000a0000000,0x00000000a347c728,0x00000000ac400000)
 Metaspace       used 94120K, capacity 98518K, committed 99608K, reserved 1136640K
  class space    used 11918K, capacity 12729K, committed 13080K, reserved 1048576K
Event: 1932.770 GC heap after
Heap after GC invocations=36 (full 4):
 PSYoungGen      total 185344K, used 9685K [0x00000000e0000000, 0x00000000ed800000, 0x0000000100000000)
  eden space 149504K, 0% used [0x00000000e0000000,0x00000000e0000000,0x00000000e9200000)
  from space 35840K, 27% used [0x00000000eb500000,0x00000000ebe75570,0x00000000ed800000)
  to   space 35840K, 0% used [0x00000000e9200000,0x00000000e9200000,0x00000000eb500000)
 ParOldGen       total 200704K, used 53753K [0x00000000a0000000, 0x00000000ac400000, 0x00000000e0000000)
  object space 200704K, 26% used [0x00000000a0000000,0x00000000a347e728,0x00000000ac400000)
 Metaspace       used 94120K, capacity 98518K, committed 99608K, reserved 1136640K
  class space    used 11918K, capacity 12729K, committed 13080K, reserved 1048576K
}
Event: 2014.262 GC heap before
{Heap before GC invocations=37 (full 4):
 PSYoungGen      total 185344K, used 159189K [0x00000000e0000000, 0x00000000ed800000, 0x0000000100000000)
  eden space 149504K, 100% used [0x00000000e0000000,0x00000000e9200000,0x00000000e9200000)
  from space 35840K, 27% used [0x00000000eb500000,0x00000000ebe75570,0x00000000ed800000)
  to   space 35840K, 0% used [0x00000000e9200000,0x00000000e9200000,0x00000000eb500000)
 ParOldGen       total 200704K, used 53753K [0x00000000a0000000, 0x00000000ac400000, 0x00000000e0000000)
  object space 200704K, 26% used [0x00000000a0000000,0x00000000a347e728,0x00000000ac400000)
 Metaspace       used 94486K, capacity 99210K, committed 99864K, reserved 1136640K
  class space    used 11963K, capacity 12811K, committed 13080K, reserved 1048576K
Event: 2014.277 GC heap after
Heap after GC invocations=37 (full 4):
 PSYoungGen      total 185344K, used 6865K [0x00000000e0000000, 0x00000000edc00000, 0x0000000100000000)
  eden space 149504K, 0% used [0x00000000e0000000,0x00000000e0000000,0x00000000e9200000)
  from space 35840K, 19% used [0x00000000e9200000,0x00000000e98b45d8,0x00000000eb500000)
  to   space 34816K, 0% used [0x00000000eba00000,0x00000000eba00000,0x00000000edc00000)
 ParOldGen       total 200704K, used 53753K [0x00000000a0000000, 0x00000000ac400000, 0x00000000e0000000)
  object space 200704K, 26% used [0x00000000a0000000,0x00000000a347e728,0x00000000ac400000)
 Metaspace       used 94486K, capacity 99210K, committed 99864K, reserved 1136640K
  class space    used 11963K, capacity 12811K, committed 13080K, reserved 1048576K
}
Event: 2038.307 GC heap before
{Heap before GC invocations=38 (full 4):
 PSYoungGen      total 185344K, used 156340K [0x00000000e0000000, 0x00000000edc00000, 0x0000000100000000)
  eden space 149504K, 99% used [0x00000000e0000000,0x00000000e91f8c40,0x00000000e9200000)
  from space 35840K, 19% used [0x00000000e9200000,0x00000000e98b45d8,0x00000000eb500000)
  to   space 34816K, 0% used [0x00000000eba00000,0x00000000eba00000,0x00000000edc00000)
 ParOldGen       total 200704K, used 53753K [0x00000000a0000000, 0x00000000ac400000, 0x00000000e0000000)
  object space 200704K, 26% used [0x00000000a0000000,0x00000000a347e728,0x00000000ac400000)
 Metaspace       used 94837K, capacity 99670K, committed 100376K, reserved 1136640K
  class space    used 11972K, capacity 12823K, committed 13080K, reserved 1048576K
Event: 2038.326 GC heap after
Heap after GC invocations=38 (full 4):
 PSYoungGen      total 185344K, used 12593K [0x00000000e0000000, 0x00000000ed800000, 0x0000000100000000)
  eden space 154624K, 0% used [0x00000000e0000000,0x00000000e0000000,0x00000000e9700000)
  from space 30720K, 40% used [0x00000000eba00000,0x00000000ec64c540,0x00000000ed800000)
  to   space 33280K, 0% used [0x00000000e9700000,0x00000000e9700000,0x00000000eb780000)
 ParOldGen       total 200704K, used 53761K [0x00000000a0000000, 0x00000000ac400000, 0x00000000e0000000)
  object space 200704K, 26% used [0x00000000a0000000,0x00000000a3480728,0x00000000ac400000)
 Metaspace       used 94837K, capacity 99670K, committed 100376K, reserved 1136640K
  class space    used 11972K, capacity 12823K, committed 13080K, reserved 1048576K
}
Event: 2040.562 GC heap before
{Heap before GC invocations=39 (full 4):
 PSYoungGen      total 185344K, used 167217K [0x00000000e0000000, 0x00000000ed800000, 0x0000000100000000)
  eden space 154624K, 100% used [0x00000000e0000000,0x00000000e9700000,0x00000000e9700000)
  from space 30720K, 40% used [0x00000000eba00000,0x00000000ec64c540,0x00000000ed800000)
  to   space 33280K, 0% used [0x00000000e9700000,0x00000000e9700000,0x00000000eb780000)
 ParOldGen       total 200704K, used 53761K [0x00000000a0000000, 0x00000000ac400000, 0x00000000e0000000)
  object space 200704K, 26% used [0x00000000a0000000,0x00000000a3480728,0x00000000ac400000)
 Metaspace       used 95315K, capacity 100188K, committed 100632K, reserved 1136640K
  class space    used 11987K, capacity 12830K, committed 13080K, reserved 1048576K
Event: 2040.583 GC heap after
Heap after GC invocations=39 (full 4):
 PSYoungGen      total 187904K, used 13557K [0x00000000e0000000, 0x00000000edb00000, 0x0000000100000000)
  eden space 154624K, 0% used [0x00000000e0000000,0x00000000e0000000,0x00000000e9700000)
  from space 33280K, 40% used [0x00000000e9700000,0x00000000ea43d578,0x00000000eb780000)
  to   space 31232K, 0% used [0x00000000ebc80000,0x00000000ebc80000,0x00000000edb00000)
 ParOldGen       total 200704K, used 53769K [0x00000000a0000000, 0x00000000ac400000, 0x00000000e0000000)
  object space 200704K, 26% used [0x00000000a0000000,0x00000000a3482728,0x00000000ac400000)
 Metaspace       used 95315K, capacity 100188K, committed 100632K, reserved 1136640K
  class space    used 11987K, capacity 12830K, committed 13080K, reserved 1048576K
}
Event: 2042.073 GC heap before
{Heap before GC invocations=40 (full 4):
 PSYoungGen      total 187904K, used 168181K [0x00000000e0000000, 0x00000000edb00000, 0x0000000100000000)
  eden space 154624K, 100% used [0x00000000e0000000,0x00000000e9700000,0x00000000e9700000)
  from space 33280K, 40% used [0x00000000e9700000,0x00000000ea43d578,0x00000000eb780000)
  to   space 31232K, 0% used [0x00000000ebc80000,0x00000000ebc80000,0x00000000edb00000)
 ParOldGen       total 200704K, used 53769K [0x00000000a0000000, 0x00000000ac400000, 0x00000000e0000000)
  object space 200704K, 26% used [0x00000000a0000000,0x00000000a3482728,0x00000000ac400000)
 Metaspace       used 95503K, capacity 100360K, committed 100888K, reserved 1136640K
  class space    used 12006K, capacity 12864K, committed 13080K, reserved 1048576K
Event: 2042.093 GC heap after
Heap after GC invocations=40 (full 4):
 PSYoungGen      total 193536K, used 13364K [0x00000000e0000000, 0x00000000eda00000, 0x0000000100000000)
  eden space 163328K, 0% used [0x00000000e0000000,0x00000000e0000000,0x00000000e9f80000)
  from space 30208K, 44% used [0x00000000ebc80000,0x00000000ec98d220,0x00000000eda00000)
  to   space 29696K, 0% used [0x00000000e9f80000,0x00000000e9f80000,0x00000000ebc80000)
 ParOldGen       total 200704K, used 53777K [0x00000000a0000000, 0x00000000ac400000, 0x00000000e0000000)
  object space 200704K, 26% used [0x00000000a0000000,0x00000000a3484728,0x00000000ac400000)
 Metaspace       used 95503K, capacity 100360K, committed 100888K, reserved 1136640K
  class space    used 12006K, capacity 12864K, committed 13080K, reserved 1048576K
}

